1562398753860	mozrunner::runner	INFO	Running command: "C:\\Program Files\\Mozilla Firefox\\firefox.exe" "-marionette" "-foreground" "-no-remote" "-profile" "C:\\Users\\Evgen\\AppData\\Local\\Temp\\rust_mozprofile.DJrKDwzdgEhC"
1562398755786	addons.webextension.screenshots@mozilla.org	WARN	Loading extension 'screenshots@mozilla.org': Reading manifest: Invalid extension permission: mozillaAddons
1562398755786	addons.webextension.screenshots@mozilla.org	WARN	Loading extension 'screenshots@mozilla.org': Reading manifest: Invalid extension permission: resource://pdf.js/
1562398755787	addons.webextension.screenshots@mozilla.org	WARN	Loading extension 'screenshots@mozilla.org': Reading manifest: Invalid extension permission: about:reader*
1562398758326	Marionette	INFO	Listening on port 57476
1562398758794	Marionette	WARN	TLS certificate errors will be ignored for this session
JavaScript error: http://selenium1py.pythonanywhere.com/ru/catalogue/coders-at-work_207/?promo=offer, line 614: ReferenceError: oscar is not defined
1562398762498	Marionette	INFO	Stopped listening on port 57476
[Child 960, Chrome_ChildThread] WARNING: pipe error: 109: file z:/task_1560988636/build/src/ipc/chromium/src/chrome/common/ipc_channel_win.cc, line 341
[Child 960, Chrome_ChildThread] WARNING: pipe error: 109: file z:/task_1560988636/build/src/ipc/chromium/src/chrome/common/ipc_channel_win.cc, line 341
[Chi[Parent 4468, Gecko_IOThread] WARNING: pipe error: 109: file z:/task_1560988636/build/src/ipc/chromium/src/chrome/common/ipc_channel_win.cc, line 341
[Child 1028, Chrome_ChildThread] WARNING: pipe error: 109: file z:/task_1560988636/build/src/ipc/chromium/src/chrome/common/ipc_channel_win.cc, line 341
[Child 1028, Chro
###!!! [Child][RunMessage] Error: Channel closing: too late to send/recv, messages will be lost

[GPU 4984, Chrome_ChildThread] WA
###!!! [Child][MessageChannel::SendAndWait] Error: Channel error: cannot send/recv

1562398811076	mozrunner::runner	INFO	Running command: "C:\\Program Files\\Mozilla Firefox\\firefox.exe" "-marionette" "-foreground" "-no-remote" "-profile" "C:\\Users\\Evgen\\AppData\\Local\\Temp\\rust_mozprofile.MYceHiwOPkAq"
1562398811817	addons.webextension.screenshots@mozilla.org	WARN	Loading extension 'screenshots@mozilla.org': Reading manifest: Invalid extension permission: mozillaAddons
1562398811817	addons.webextension.screenshots@mozilla.org	WARN	Loading extension 'screenshots@mozilla.org': Reading manifest: Invalid extension permission: resource://pdf.js/
1562398811818	addons.webextension.screenshots@mozilla.org	WARN	Loading extension 'screenshots@mozilla.org': Reading manifest: Invalid extension permission: about:reader*
1562398814204	Marionette	INFO	Listening on port 57515
1562398814291	Marionette	WARN	TLS certificate errors will be ignored for this session
JavaScript error: http://selenium1py.pythonanywhere.com/ru/catalogue/coders-at-work_207/?promo=offer, line 614: ReferenceError: oscar is not defined
1562398817736	Marionette	INFO	Stopped listening on port 57515
[Parent 1928, Gecko_IOThread] WARNING: pipe error: 109: file z:/task_1560988636/build/src/ipc/chromium/src/chrome/common/ipc_channel_win.cc, line 341
[Child 9224, Chrome_ChildThread] WARNING: pipe error: 109: file z:/task_1560988636/build/src/ipc/chromium/src/chrome/common/ipc_channel_win.cc, line 341
[Child 9224, Chrome_ChildThread] WARNING: pipe error: 109: file z:/task_1560988636/build/src/ipc/chromium/src/chrome/common/ipc_channel_win.cc, line 341
[Parent 1928, Gecko_IOThread] WARNING: pipe error: 109: file z:/task_1560988636/build/src/ipc/chromium/src/chrome/common/ipc_channel_win.cc, line 341
[C[Parent 1928, Gecko_IOThread] WARNING: pipe error: 109: file z:/task_1560988636/build/src/ipc/chromium/src/chrome/common/ipc_channel_win.cc, line 341

###!!! [Child][RunMessage] Error: Channel closing: too late to send/recv, messages will be lost

[GPU 67001562398869795	mozrunner::runner	INFO	Running command: "C:\\Program Files\\Mozilla Firefox\\firefox.exe" "-marionette" "-foreground" "-no-remote" "-profile" "C:\\Users\\Evgen\\AppData\\Local\\Temp\\rust_mozprofile.L7vHcDE7Aocm"
1562398870524	addons.webextension.screenshots@mozilla.org	WARN	Loading extension 'screenshots@mozilla.org': Reading manifest: Invalid extension permission: mozillaAddons
1562398870524	addons.webextension.screenshots@mozilla.org	WARN	Loading extension 'screenshots@mozilla.org': Reading manifest: Invalid extension permission: resource://pdf.js/
1562398870524	addons.webextension.screenshots@mozilla.org	WARN	Loading extension 'screenshots@mozilla.org': Reading manifest: Invalid extension permission: about:reader*
1562398872927	Marionette	INFO	Listening on port 57553
1562398873009	Marionette	WARN	TLS certificate errors will be ignored for this session
JavaScript error: http://selenium1py.pythonanywhere.com/ru/catalogue/coders-at-work_207/?promo=offer, line 614: ReferenceError: oscar is not defined
1562398877232	Marionette	INFO	Stopped listening on port 57553
[Parent 6608, Gecko_IOThread] WARNING: pipe error: 109: file z:/task_1560988636/build/src/ipc/chromium/src/chrome/common/ipc_channel_win.cc, line 341
[Child 1784, Chrome_ChildThread] WARNING: pipe error: 109: file z:/task_1560988636/build/src/ipc/chromium/src/chrome/common/ipc_channel_win.cc, line 341
[Child 1784, C[Parent 6608, Gecko_IOThread] WARNING: pipe error: 109: file z:/task_1560988636/build/src/ipc/chromium/src/chrome/common/ipc_channel_win.cc, line 341
[Child 1244, Chrome_ChildThread] WARNING: pipe error: 109: file z:/task_1560988636/build/src/ipc/chromium/src/chrome/common/ipc_channel_win.cc, line 341
[Parent 6608, Gecko_IOThread] WARNING: pipe error: 109: file z:/task_1560988636/build/src/ipc/chromium/src/chrome/common/ipc_channel_win.cc, line 341
[Child 9760, Chrome_ChildThread] WARNING: pipe error: 109: file z:/task_1560988636/build/src/ipc/chromium/src/chrome/common/ipc_channel_win.cc, line 341
[Child 9760, Chrome_ChildThread] WARNI
###!!! [Child][RunMessage] Error: Channel closing: too late to send/recv, messages will be lost

[GPU 8280,
###!!! [Child][MessageChannel::SendAndWait] Error: Channel error: cannot send/recv

1562398908703	mozrunner::runner	INFO	Running command: "C:\\Program Files\\Mozilla Firefox\\firefox.exe" "-marionette" "-foreground" "-no-remote" "-profile" "C:\\Users\\Evgen\\AppData\\Local\\Temp\\rust_mozprofile.aQE4WrIF4Myk"
1562398909443	addons.webextension.screenshots@mozilla.org	WARN	Loading extension 'screenshots@mozilla.org': Reading manifest: Invalid extension permission: mozillaAddons
1562398909443	addons.webextension.screenshots@mozilla.org	WARN	Loading extension 'screenshots@mozilla.org': Reading manifest: Invalid extension permission: resource://pdf.js/
1562398909443	addons.webextension.screenshots@mozilla.org	WARN	Loading extension 'screenshots@mozilla.org': Reading manifest: Invalid extension permission: about:reader*
1562398911883	Marionette	INFO	Listening on port 57591
1562398911925	Marionette	WARN	TLS certificate errors will be ignored for this session
JavaScript error: http://selenium1py.pythonanywhere.com/ru/catalogue/coders-at-work_207/?promo=offer, line 614: ReferenceError: oscar is not defined
1562398915471	Marionette	INFO	Stopped listening on port 57591
[Parent 9488, Gecko_IOThread] WARNING: pipe error: 109: file z:/task_1560988636/build/src/ipc/chromium/src/chrome/common/ipc_channel_win.cc, line 341
[Child 2120, Chrome_ChildThread] WARNING: pipe error: 109: file z:/task_1560988636/build/src/ipc/chromium/src/chrome/common/ipc_channel_win.cc, line 341
[Child 2120, Ch[Parent 9488, Gecko_IOThread] WARNING: pipe error: 109: file z:/task_1560988636/build/src/ipc/chromium/src/chrome/common/ipc_channel_win.cc, line 341
[Child 6228, Chrome_ChildThread] WARNING: pipe error: 109: file z:/task_1560988636/build/src/ipc/chromium/src/chrome/common/ipc_channel_win.cc, line 341
[Child 6228, Chrome_ChildThread] WARNING: pipe error: 109:
###!!! [Child][RunMessage] Error: Channel closing: too late to send/recv, messages will be lost

[GPU 98
###!!! [Child][MessageChannel::SendAndWait] Error: Channel error: cannot send/recv

1562398945131	mozrunner::runner	INFO	Running command: "C:\\Program Files\\Mozilla Firefox\\firefox.exe" "-marionette" "-foreground" "-no-remote" "-profile" "C:\\Users\\Evgen\\AppData\\Local\\Temp\\rust_mozprofile.pfdFEeDnSGOT"
1562398945891	addons.webextension.screenshots@mozilla.org	WARN	Loading extension 'screenshots@mozilla.org': Reading manifest: Invalid extension permission: mozillaAddons
1562398945892	addons.webextension.screenshots@mozilla.org	WARN	Loading extension 'screenshots@mozilla.org': Reading manifest: Invalid extension permission: resource://pdf.js/
1562398945892	addons.webextension.screenshots@mozilla.org	WARN	Loading extension 'screenshots@mozilla.org': Reading manifest: Invalid extension permission: about:reader*
1562398948342	Marionette	INFO	Listening on port 57628
1562398948353	Marionette	WARN	TLS certificate errors will be ignored for this session
JavaScript error: http://selenium1py.pythonanywhere.com/ru/catalogue/coders-at-work_207/?promo=offer, line 614: ReferenceError: oscar is not defined
1562398951835	Marionette	INFO	Stopped listening on port 57628
[Child 9588, Chrome_ChildThread] WARNING: pipe error: 109: file z:/task_1560988636/build/src/ipc/chromium/src/chrome/common/ipc_channel_win.cc, line 341
[Child 9588, Chrome_ChildThread] WARNING: pipe error: 109: file z:/[Parent 2452, Gecko_IOThread] WARNING: pipe error: 109: file z:/task_1560988636/build/src/ipc/chromium/src/chrome/common/ipc_channel_win.cc, line 341
[Child 9300, Chrome_ChildThread] WARNING: pipe error: 109: file z:/task_1560988636/build/src/ipc/chromium/src/chrome/common/ipc_channel_win.cc, line 341
[Child 9300, Chrome_ChildThre[Parent 2452, Gecko_IOThread] WARNING: pipe error: 109: file z:/task_1560988636/build/src/ipc/chromium/src/chrome/common/ipc_channel_win.cc, line 341
[Child 1476, Chrome_ChildThread] WARNING: pipe error: 109: file z:/task_1560988636/build/src/ipc/chromium/src/chrome/common/ipc_channel_win.cc, line 341
[Child 1476, Chro
###!!! [Child][RunMessage] Error: Channel closing: too late to send/recv, messages will be lost

[GPU 5860, Chrome_ChildThread] WARNING: pipe error: 109: file z:/task_1560988636/build/src/i
###!!! [Child][MessageChannel::SendAndWait] Error: Channel error: cannot send/recv

1562398993458	mozrunner::runner	INFO	Running command: "C:\\Program Files\\Mozilla Firefox\\firefox.exe" "-marionette" "-foreground" "-no-remote" "-profile" "C:\\Users\\Evgen\\AppData\\Local\\Temp\\rust_mozprofile.SXQaXMTvRjcn"
1562398994196	addons.webextension.screenshots@mozilla.org	WARN	Loading extension 'screenshots@mozilla.org': Reading manifest: Invalid extension permission: mozillaAddons
1562398994197	addons.webextension.screenshots@mozilla.org	WARN	Loading extension 'screenshots@mozilla.org': Reading manifest: Invalid extension permission: resource://pdf.js/
1562398994197	addons.webextension.screenshots@mozilla.org	WARN	Loading extension 'screenshots@mozilla.org': Reading manifest: Invalid extension permission: about:reader*
1562398996598	Marionette	INFO	Listening on port 57666
1562398996678	Marionette	WARN	TLS certificate errors will be ignored for this session
JavaScript error: http://selenium1py.pythonanywhere.com/ru/catalogue/coders-at-work_207/?promo=offer, line 614: ReferenceError: oscar is not defined
1562399000209	Marionette	INFO	Stopped listening on port 57666
[Parent 7440, Gecko_IOThread] WARNING: pipe error: 109: file z:/task_1560988636/build/src/ipc/chromium/src/chrome/common/ipc_channel_win.cc, line 341
[Child 3628, Chrome_ChildThread] WARNING: pipe error: 109: file z:/task_1560988636/build/src/ipc/chromium/src/chrome/common/ipc_channel_win.cc, line 341
[Child 3628, Chrome_ChildThread] WARNING:
###!!! [Child][RunMessage] Error: Channel closing: too late to send/recv, messages will be lost

[GPU 5320, Ch
###!!! [Child][MessageChannel::SendAndWait] Error: Channel error: cannot send/recv

1562399034723	mozrunner::runner	INFO	Running command: "C:\\Program Files\\Mozilla Firefox\\firefox.exe" "-marionette" "-foreground" "-no-remote" "-profile" "C:\\Users\\Evgen\\AppData\\Local\\Temp\\rust_mozprofile.iJA9uWSIfBlj"
1562399035460	addons.webextension.screenshots@mozilla.org	WARN	Loading extension 'screenshots@mozilla.org': Reading manifest: Invalid extension permission: mozillaAddons
1562399035460	addons.webextension.screenshots@mozilla.org	WARN	Loading extension 'screenshots@mozilla.org': Reading manifest: Invalid extension permission: resource://pdf.js/
1562399035461	addons.webextension.screenshots@mozilla.org	WARN	Loading extension 'screenshots@mozilla.org': Reading manifest: Invalid extension permission: about:reader*
1562399037871	Marionette	INFO	Listening on port 57703
1562399037948	Marionette	WARN	TLS certificate errors will be ignored for this session
JavaScript error: http://selenium1py.pythonanywhere.com/ru/catalogue/coders-at-work_207/?promo=offer, line 614: ReferenceError: oscar is not defined
1562399041482	Marionette	INFO	Stopped listening on port 57703
[Parent 8936, Gecko_IOThread] WARNING: pipe error: 109: file z:/task_1560988636/build/src/ipc/chromium/src/chrome/common/ipc_channel_win.cc, line 341

###!!! [Child][RunMessage] Error: Channel closing: too late to send/recv, messages will be lost

[GPU 8380
###!!! [Child][MessageChannel::SendAndWait] Error: Channel error: cannot send/recv

1562399064552	mozrunner::runner	INFO	Running command: "C:\\Program Files\\Mozilla Firefox\\firefox.exe" "-marionette" "-foreground" "-no-remote" "-profile" "C:\\Users\\Evgen\\AppData\\Local\\Temp\\rust_mozprofile.kP8XxSyO5w34"
1562399065283	addons.webextension.screenshots@mozilla.org	WARN	Loading extension 'screenshots@mozilla.org': Reading manifest: Invalid extension permission: mozillaAddons
1562399065284	addons.webextension.screenshots@mozilla.org	WARN	Loading extension 'screenshots@mozilla.org': Reading manifest: Invalid extension permission: resource://pdf.js/
1562399065284	addons.webextension.screenshots@mozilla.org	WARN	Loading extension 'screenshots@mozilla.org': Reading manifest: Invalid extension permission: about:reader*
1562399067676	Marionette	INFO	Listening on port 57739
1562399067770	Marionette	WARN	TLS certificate errors will be ignored for this session
JavaScript error: http://selenium1py.pythonanywhere.com/ru/catalogue/coders-at-work_207/?promo=offer, line 614: ReferenceError: oscar is not defined
1562399071315	Marionette	INFO	Stopped listening on port 57739
[Child 7852, Chrome_ChildThread] WARNING: pipe error: 109: file z:/task_1560988636/build/src/ipc/chromium/src/chrome/common/ipc_channel_win.cc, line 341
[Child 7852, Chrome_Child[Parent 6792, Gecko_IOThread] WARNING: pipe error: 109: file z:/task_1560988636/build/src/ipc/chromium/src/chrome/common/ipc_channel_win.cc, line 341
[Parent 6792, Gecko_IOThread] WARNING: pipe error: 109: file z:/task_1560988636/build/src/ipc/chromium/src/chrome/common/ipc_channel_win.cc, line 341
[Child 2528, Chrome_ChildThread] WARNING: pipe error: 109: file z:/task_1560988636/build/src/ipc/chromium/src/chrome/common/ipc_channel_win.cc, line 341
[Child 2528, Chrome_
###!!! [Child][RunMessage] Error: Channel closing: too late to send/recv, messages will be lost

[GPU 4
###!!! [Child][MessageChannel::SendAndWait] Error: Channel error: cannot send/recv

1562399128947	mozrunner::runner	INFO	Running command: "C:\\Program Files\\Mozilla Firefox\\firefox.exe" "-marionette" "-foreground" "-no-remote" "-profile" "C:\\Users\\Evgen\\AppData\\Local\\Temp\\rust_mozprofile.YpVS2P8pENZZ"
1562399129697	addons.webextension.screenshots@mozilla.org	WARN	Loading extension 'screenshots@mozilla.org': Reading manifest: Invalid extension permission: mozillaAddons
1562399129697	addons.webextension.screenshots@mozilla.org	WARN	Loading extension 'screenshots@mozilla.org': Reading manifest: Invalid extension permission: resource://pdf.js/
1562399129698	addons.webextension.screenshots@mozilla.org	WARN	Loading extension 'screenshots@mozilla.org': Reading manifest: Invalid extension permission: about:reader*
1562399131992	Marionette	INFO	Listening on port 57778
1562399132164	Marionette	WARN	TLS certificate errors will be ignored for this session
JavaScript error: http://selenium1py.pythonanywhere.com/ru/catalogue/coders-at-work_207/?promo=offer, line 614: ReferenceError: oscar is not defined
1562399136357	Marionette	WARN	TimedPromise timed out after 500 ms: stacktrace:
bail@chrome://marionette/content/sync.js:223:64
openRemotePrompt@resource://gre/modules/Prompter.jsm:508:17
openPrompt@resource://gre/modules/Prompter.jsm:543:17
nsIPrompt_prompt@resource://gre/modules/Prompter.jsm:729:14
prompt@resource://gre/modules/Prompter.jsm:583:42
checkTask@http://selenium1py.pythonanywhere.com/static/oscar/js/oscar/hack.js:7:22
handleSubmit423@http://selenium1py.pythonanywhere.com/static/oscar/js/oscar/hack.js:31:12
onclick@http://selenium1py.pythonanywhere.com/ru/catalogue/coders-at-work_207/?promo=offer:1:8
event.synthesizeMouseAtPoint@chrome://marionette/content/event.js:202:14
webdriverClickElement@chrome://marionette/content/interaction.js:183:11
JavaScript error: http://selenium1py.pythonanywhere.com/ru/catalogue/coders-at-work_207/?promo=offer, line 718: ReferenceError: oscar is not defined
1562399141068	Marionette	INFO	Stopped listening on port 57778
[Child 2844, Chrome_ChildThread] WARNING: pipe error: 109: file z:/task_1560988636/build/src/ipc/chromium/src/chrome/common/ipc_channel_win.cc, line 341
[Child 2844, Ch[Parent 8392, Gecko_IOThread] WARNING: pipe error: 109: file z:/task_1560988636/build/src/ipc/chromium/src/chrome/common/ipc_channel_win.cc, line 341
[Child 1252, Chrome_ChildThread] WARNING: pipe error: 109: file z:/task_1560988636/build/src/ipc/chromium/src/chrome/common/ipc_channel_win.cc, line 341
[Child 1252, Chr
###!!! [Child][RunMessage] Error: Channel closing: too late to send/recv, messages will be lost

[GPU 39
###!!! [Child][MessageChannel::SendAndWait] Error: Channel error: cannot send/recv

1562399235331	mozrunner::runner	INFO	Running command: "C:\\Program Files\\Mozilla Firefox\\firefox.exe" "-marionette" "-foreground" "-no-remote" "-profile" "C:\\Users\\Evgen\\AppData\\Local\\Temp\\rust_mozprofile.fyMMnwfmBNVV"
1562399236072	addons.webextension.screenshots@mozilla.org	WARN	Loading extension 'screenshots@mozilla.org': Reading manifest: Invalid extension permission: mozillaAddons
1562399236072	addons.webextension.screenshots@mozilla.org	WARN	Loading extension 'screenshots@mozilla.org': Reading manifest: Invalid extension permission: resource://pdf.js/
1562399236073	addons.webextension.screenshots@mozilla.org	WARN	Loading extension 'screenshots@mozilla.org': Reading manifest: Invalid extension permission: about:reader*
1562399238497	Marionette	INFO	Listening on port 57818
1562399238553	Marionette	WARN	TLS certificate errors will be ignored for this session
JavaScript error: http://selenium1py.pythonanywhere.com/ru/catalogue/coders-at-work_207/?promo=offer, line 614: ReferenceError: oscar is not defined
1562399241931	Marionette	INFO	Stopped listening on port 57818
[Parent 8180, Gecko_IOThread] WARNING: pipe error: 109: file z:/task_1560988636/build/src/ipc/chromium/src/chrome/common/ipc_channel_win.cc, line 341
[Parent 8180, Gecko_IOThread] WARNING: pipe error: 109: file z:/task_1560988636/build/src/ipc/chromium/src/chrome/common/ipc_channel_win.cc, line 341

###!!! [Child][RunMessage] Error: Channel closing: too late to send/recv, messages will be lost

[GPU 48
###!!! [Child][MessageChannel::SendAndWait] Error: Channel error: cannot send/recv

1562399267716	mozrunner::runner	INFO	Running command: "C:\\Program Files\\Mozilla Firefox\\firefox.exe" "-marionette" "-foreground" "-no-remote" "-profile" "C:\\Users\\Evgen\\AppData\\Local\\Temp\\rust_mozprofile.XJiYNbzcT9Uy"
1562399268462	addons.webextension.screenshots@mozilla.org	WARN	Loading extension 'screenshots@mozilla.org': Reading manifest: Invalid extension permission: mozillaAddons
1562399268463	addons.webextension.screenshots@mozilla.org	WARN	Loading extension 'screenshots@mozilla.org': Reading manifest: Invalid extension permission: resource://pdf.js/
1562399268463	addons.webextension.screenshots@mozilla.org	WARN	Loading extension 'screenshots@mozilla.org': Reading manifest: Invalid extension permission: about:reader*
1562399270861	Marionette	INFO	Listening on port 57857
1562399270931	Marionette	WARN	TLS certificate errors will be ignored for this session
JavaScript error: http://selenium1py.pythonanywhere.com/ru/catalogue/coders-at-work_207/?promo=offer, line 614: ReferenceError: oscar is not defined
1562399277300	Marionette	INFO	Stopped listening on port 57857
[Parent 7940, Gecko_IOThread] WARNING: pipe error: 109: file z:/task_1560988636/build/src/ipc/chromium/src/chrome/common/ipc_channel_win.cc, line 341
[Parent 7940, Gecko_IOThread] WARNING: pipe error: 109: file z:/task_1560988636/build/src/ipc/chromium/src/chrome/common/ipc_channel_win.cc, line 341
[Child 9144, Chrome_ChildThread] WARNING: pipe error: 109: file z:/task_1560988636/build/src/ipc/chromium/src/chrome/common/ipc_channel_win.cc, line 341
[Child 9144, Chrom[GPU 6276, Chrome_Ch
###!!! [Child][MessageChannel::SendAndWait] Error: Channel error: cannot send/recv

1562399326348	mozrunner::runner	INFO	Running command: "C:\\Program Files\\Mozilla Firefox\\firefox.exe" "-marionette" "-foreground" "-no-remote" "-profile" "C:\\Users\\Evgen\\AppData\\Local\\Temp\\rust_mozprofile.VZfY2OrUXLwW"
1562399327093	addons.webextension.screenshots@mozilla.org	WARN	Loading extension 'screenshots@mozilla.org': Reading manifest: Invalid extension permission: mozillaAddons
1562399327094	addons.webextension.screenshots@mozilla.org	WARN	Loading extension 'screenshots@mozilla.org': Reading manifest: Invalid extension permission: resource://pdf.js/
1562399327094	addons.webextension.screenshots@mozilla.org	WARN	Loading extension 'screenshots@mozilla.org': Reading manifest: Invalid extension permission: about:reader*
1562399329521	Marionette	INFO	Listening on port 57895
1562399329566	Marionette	WARN	TLS certificate errors will be ignored for this session
JavaScript error: http://selenium1py.pythonanywhere.com/ru/catalogue/coders-at-work_207/?promo=offer, line 614: ReferenceError: oscar is not defined
1562399333490	Marionette	WARN	TimedPromise timed out after 500 ms: stacktrace:
bail@chrome://marionette/content/sync.js:223:64
openRemotePrompt@resource://gre/modules/Prompter.jsm:508:17
openPrompt@resource://gre/modules/Prompter.jsm:543:17
nsIPrompt_prompt@resource://gre/modules/Prompter.jsm:729:14
prompt@resource://gre/modules/Prompter.jsm:583:42
checkTask@http://selenium1py.pythonanywhere.com/static/oscar/js/oscar/hack.js:7:22
handleSubmit423@http://selenium1py.pythonanywhere.com/static/oscar/js/oscar/hack.js:31:12
onclick@http://selenium1py.pythonanywhere.com/ru/catalogue/coders-at-work_207/?promo=offer:1:8
event.synthesizeMouseAtPoint@chrome://marionette/content/event.js:202:14
webdriverClickElement@chrome://marionette/content/interaction.js:183:11
JavaScript error: http://selenium1py.pythonanywhere.com/ru/catalogue/coders-at-work_207/?promo=offer, line 718: ReferenceError: oscar is not defined
1562399338068	Marionette	INFO	Stopped listening on port 57895
[Child 9248, Chrome_ChildThread] WARNING: pipe error: 109: file z:/task_1560988636/build/src/ipc/chromium/src/chrome/common/ipc_channel_win.cc, line 341
[Child 9248, Chrome_ChildThread] WARNIN[Parent 5808, Gecko_IOThread] WARNING: pipe error: 109: file z:/task_1560988636/build/src/ipc/chromium/src/chrome/common/ipc_channel_win.cc, line 341
[Parent 5808, Gecko_IOThread] WARNING: pipe error: 109: file z:/task_1560988636/build/src/ipc/chromium/src/chrome/common/ipc_channel_win.cc, line 341
[Child 8324, Chrome_ChildThread] WARNING: pipe error: 109: file z:/task_1560988636/build/src/ipc/chromium/src/chrome/common/ipc_channel_win.cc, line 341
[Child 8324, Chrome_ChildThread] WARNING: pipe error: 109: file z:/task_1560988636/bui
###!!! [Child][RunMessage] Error: Channel closing: too late to send/recv, messages will be lost

[GPU 675
###!!! [Child][MessageChannel::SendAndWait] Error: Channel error: cannot send/recv

1562399360262	mozrunner::runner	INFO	Running command: "C:\\Program Files\\Mozilla Firefox\\firefox.exe" "-marionette" "-foreground" "-no-remote" "-profile" "C:\\Users\\Evgen\\AppData\\Local\\Temp\\rust_mozprofile.nNSrSzobkKfQ"
1562399361005	addons.webextension.screenshots@mozilla.org	WARN	Loading extension 'screenshots@mozilla.org': Reading manifest: Invalid extension permission: mozillaAddons
1562399361006	addons.webextension.screenshots@mozilla.org	WARN	Loading extension 'screenshots@mozilla.org': Reading manifest: Invalid extension permission: resource://pdf.js/
1562399361006	addons.webextension.screenshots@mozilla.org	WARN	Loading extension 'screenshots@mozilla.org': Reading manifest: Invalid extension permission: about:reader*
1562399363440	Marionette	INFO	Listening on port 57935
1562399363482	Marionette	WARN	TLS certificate errors will be ignored for this session
JavaScript error: http://selenium1py.pythonanywhere.com/ru/catalogue/coders-at-work_207/?promo=offer, line 614: ReferenceError: oscar is not defined
1562399367373	Marionette	WARN	TimedPromise timed out after 500 ms: stacktrace:
bail@chrome://marionette/content/sync.js:223:64
openRemotePrompt@resource://gre/modules/Prompter.jsm:508:17
openPrompt@resource://gre/modules/Prompter.jsm:543:17
nsIPrompt_prompt@resource://gre/modules/Prompter.jsm:729:14
prompt@resource://gre/modules/Prompter.jsm:583:42
checkTask@http://selenium1py.pythonanywhere.com/static/oscar/js/oscar/hack.js:7:22
handleSubmit423@http://selenium1py.pythonanywhere.com/static/oscar/js/oscar/hack.js:31:12
onclick@http://selenium1py.pythonanywhere.com/ru/catalogue/coders-at-work_207/?promo=offer:1:8
event.synthesizeMouseAtPoint@chrome://marionette/content/event.js:202:14
webdriverClickElement@chrome://marionette/content/interaction.js:183:11
JavaScript error: http://selenium1py.pythonanywhere.com/ru/catalogue/coders-at-work_207/?promo=offer, line 718: ReferenceError: oscar is not defined
1562399368965	Marionette	INFO	Stopped listening on port 57935
[Parent 6400, Gecko_IOThread] WARNING: pipe error: 109: file z:/task_1560988636/build/src/ipc/chromium/src/chrome/common/ipc_channel_win.cc, line 341
[Child 2724, Chrome_ChildThread] WARNING: pipe error: 109: file z:/task_1560988636/build/src/ipc/chromium/src/chrome/common/ipc_channel_win.cc, line 341
[Child 2724, Chrom[Parent 6400, Gecko_IOThread] WARNING: pipe error: 109: file z:/task_1560988636/build/src/ipc/chromium/src/chrome/common/ipc_channel_win.cc, line 341

###!!! [Child][RunMessage] Error: Channel closing: too late to send/recv, messages will be lost

[GPU 569
###!!! [Child][MessageChannel::SendAndWait] Error: Channel error: cannot send/recv

1562399443729	mozrunner::runner	INFO	Running command: "C:\\Program Files\\Mozilla Firefox\\firefox.exe" "-marionette" "-foreground" "-no-remote" "-profile" "C:\\Users\\Evgen\\AppData\\Local\\Temp\\rust_mozprofile.bPMJw5CsEEpR"
1562399444495	addons.webextension.screenshots@mozilla.org	WARN	Loading extension 'screenshots@mozilla.org': Reading manifest: Invalid extension permission: mozillaAddons
1562399444495	addons.webextension.screenshots@mozilla.org	WARN	Loading extension 'screenshots@mozilla.org': Reading manifest: Invalid extension permission: resource://pdf.js/
1562399444495	addons.webextension.screenshots@mozilla.org	WARN	Loading extension 'screenshots@mozilla.org': Reading manifest: Invalid extension permission: about:reader*
1562399446766	Marionette	INFO	Listening on port 57974
1562399446947	Marionette	WARN	TLS certificate errors will be ignored for this session
JavaScript error: http://selenium1py.pythonanywhere.com/ru/catalogue/coders-at-work_207/?promo=offer, line 614: ReferenceError: oscar is not defined
1562399453566	Marionette	INFO	Stopped listening on port 57974
[Parent 4880, Gecko_IOThread] WARNING: pipe error: 109: file z:/task_1560988636/build/src/ipc/chromium/src/chrome/common/ipc_channel_win.cc, line 341
[Child 9540, Chrome_ChildThread] WARNING: pipe error: 109: file z:/task_1560988636/build/src/ipc/chromium/src/chrome/common/ipc_channel_win.cc, line 341
[Child 9540, Chrome_ChildThread] WARNING: pipe error: 109: file z:/task_1560988636/build/src/ipc/c[Parent 4880, Gecko_IOThread] WARNING: pipe error: 109: file z:/task_1560988636/build/src/ipc/chromium/src/chrome/common/ipc_channel_win.cc, line 341
[Child 9616, Chrome_ChildThread] WARNING: pipe error: 109: file z:/task_1560988636/build/src/ipc/chromium/src/chrome/common/ipc_channel_win.cc, line 341
[Child 9616, Chrome
###!!! [Child][RunMessage] Error: Channel closing: too late to send/recv, messages will be lost

[GPU 2708,
###!!! [Child][MessageChannel::SendAndWait] Error: Channel error: cannot send/recv

1562399923301	mozrunner::runner	INFO	Running command: "C:\\Program Files\\Mozilla Firefox\\firefox.exe" "-marionette" "-foreground" "-no-remote" "-profile" "C:\\Users\\Evgen\\AppData\\Local\\Temp\\rust_mozprofile.q5UNfWBezweE"
1562399924037	addons.webextension.screenshots@mozilla.org	WARN	Loading extension 'screenshots@mozilla.org': Reading manifest: Invalid extension permission: mozillaAddons
1562399924038	addons.webextension.screenshots@mozilla.org	WARN	Loading extension 'screenshots@mozilla.org': Reading manifest: Invalid extension permission: resource://pdf.js/
1562399924038	addons.webextension.screenshots@mozilla.org	WARN	Loading extension 'screenshots@mozilla.org': Reading manifest: Invalid extension permission: about:reader*
1562399926426	Marionette	INFO	Listening on port 58047
1562399926516	Marionette	WARN	TLS certificate errors will be ignored for this session
JavaScript error: http://selenium1py.pythonanywhere.com/ru/catalogue/coders-at-work_207/?promo=offer, line 614: ReferenceError: oscar is not defined
1562399932992	Marionette	INFO	Stopped listening on port 58047
[Parent 7004, Gecko_IOThread] WARNING: pipe error: 109: file z:/task_1560988636/build/src/ipc/chromium/src/chrome/common/ipc_channel_win.cc, line 341
[Child 8828, Chrome_ChildThread] WARNING: pipe error: 109: file z:/task_1560988636/build/src/ipc/chromium/src/chrome/common/ipc_channel_win.cc, line 341
[Child 8828, Chrome_ChildThread] WARNING: pipe error: 109: file z:/task_1560988636/build/src/ip[Parent 7004, Gecko_IOThread] WARNING: pipe error: 109: file z:/task_1560988636/build/src/ipc/chromium/src/chrome/common/ipc_channel_win.cc, line 341
[Child 6676, Chrome_ChildThread] WARNING: pipe error: 109: file z:/task_1560988636/build/src/ipc/chromium/src/chrome/common/ipc_channel_win.cc, line 341
[Child 6676, Ch[Parent 7004, Gecko_IOThread] WARNING: pipe error: 109: file z:/task_1560988636/build/src/ipc/chromium/src/chrome/common/ipc_channel_win.cc, line 341
[Child 172, Chrome_ChildThread] WARNING: pipe error: 109: file z:/task_1560988636/build/src/ipc/chromium/src/chrome/common/ipc_channel_win.cc, line 341
[Child 172, Chrome_[GPU 5808, 
###!!! [Child][RunMessage] Error: Channel closing: too late to send/recv, messages will be lost


###!!! [Child][MessageChannel::SendAndWait] Error: (msgtype=0x550005,name=PImageBridge::Msg_WillClose) Channel error: cannot send/recv

1562399984191	mozrunner::runner	INFO	Running command: "C:\\Program Files\\Mozilla Firefox\\firefox.exe" "-marionette" "-foreground" "-no-remote" "-profile" "C:\\Users\\Evgen\\AppData\\Local\\Temp\\rust_mozprofile.EsJAj1xYtVyw"
1562399984920	addons.webextension.screenshots@mozilla.org	WARN	Loading extension 'screenshots@mozilla.org': Reading manifest: Invalid extension permission: mozillaAddons
1562399984921	addons.webextension.screenshots@mozilla.org	WARN	Loading extension 'screenshots@mozilla.org': Reading manifest: Invalid extension permission: resource://pdf.js/
1562399984921	addons.webextension.screenshots@mozilla.org	WARN	Loading extension 'screenshots@mozilla.org': Reading manifest: Invalid extension permission: about:reader*
1562399987187	Marionette	INFO	Listening on port 58084
1562399987405	Marionette	WARN	TLS certificate errors will be ignored for this session
JavaScript error: http://selenium1py.pythonanywhere.com/ru/catalogue/coders-at-work_207/?promo=offer, line 614: ReferenceError: oscar is not defined
1562400004060	Marionette	INFO	Stopped listening on port 58084
[Parent 2832, Gecko_IOThread] WARNING: pipe error: 109: file z:/task_1560988636/build/src/ipc/chromium/src/chrome/common/ipc_channel_win.cc, line 341
[Child 8540, Chrome_ChildThread] WARNING: pipe error: 109: file z:/task_1560988636/build/src/ipc/chromium/src/chrome/common/ipc_channel_win.cc, line 341
[Child 8540, Chrome_Ch[Parent 2832, Gecko_IOThread] WARNING: pipe error: 109: file z:/task_1560988636/build/src/ipc/chromium/src/chrome/common/ipc_channel_win.cc, line 341

###!!! [Child][RunMessage] Error: Channel closing: too late to send/recv, messages will be lost

[GPU 2120, Ch[Parent 2832, Gecko_IOThread] WARNING: pipe error: 232: file z:/task_1560988636/build/src/ipc/chromium/src/chrome/common/ipc_channel_win.cc, line 502
1562400044746	mozrunner::runner	INFO	Running command: "C:\\Program Files\\Mozilla Firefox\\firefox.exe" "-marionette" "-foreground" "-no-remote" "-profile" "C:\\Users\\Evgen\\AppData\\Local\\Temp\\rust_mozprofile.RvYigykuo0jF"
1562400045485	addons.webextension.screenshots@mozilla.org	WARN	Loading extension 'screenshots@mozilla.org': Reading manifest: Invalid extension permission: mozillaAddons
1562400045485	addons.webextension.screenshots@mozilla.org	WARN	Loading extension 'screenshots@mozilla.org': Reading manifest: Invalid extension permission: resource://pdf.js/
1562400045485	addons.webextension.screenshots@mozilla.org	WARN	Loading extension 'screenshots@mozilla.org': Reading manifest: Invalid extension permission: about:reader*
1562400047898	Marionette	INFO	Listening on port 58122
1562400047960	Marionette	WARN	TLS certificate errors will be ignored for this session
JavaScript error: http://selenium1py.pythonanywhere.com/ru/catalogue/coders-at-work_207/?promo=offer, line 614: ReferenceError: oscar is not defined
1562400060602	Marionette	INFO	Stopped listening on port 58122
[Parent 7236, Gecko_IOThread] WARNING: pipe error: 109: file z:/task_1560988636/build/src/ipc/chromium/src/chrome/common/ipc_channel_win.cc, line 341
[Parent 7236, Gecko_IOThread] WARNING: pipe error: 109: file z:/task_1560988636/build/src/ipc/chromium/src/chrome/common/ipc_channel_win.cc, line 341
[Parent 7236, Gecko_IOThread] WARNING: pipe error: 109: file z:/task_1560988636/build/src/ipc/chromium/src/chrome/common/ipc_channel_win.cc, line 341
[GPU 8428, Ch
###!!! [Child][MessageChannel::SendAndWait] Error: Channel error: cannot send/recv

1562400112238	mozrunner::runner	INFO	Running command: "C:\\Program Files\\Mozilla Firefox\\firefox.exe" "-marionette" "-foreground" "-no-remote" "-profile" "C:\\Users\\Evgen\\AppData\\Local\\Temp\\rust_mozprofile.V4At6ZDfvyiX"
1562400112966	addons.webextension.screenshots@mozilla.org	WARN	Loading extension 'screenshots@mozilla.org': Reading manifest: Invalid extension permission: mozillaAddons
1562400112967	addons.webextension.screenshots@mozilla.org	WARN	Loading extension 'screenshots@mozilla.org': Reading manifest: Invalid extension permission: resource://pdf.js/
1562400112967	addons.webextension.screenshots@mozilla.org	WARN	Loading extension 'screenshots@mozilla.org': Reading manifest: Invalid extension permission: about:reader*
1562400115391	Marionette	INFO	Listening on port 58161
1562400115454	Marionette	WARN	TLS certificate errors will be ignored for this session
JavaScript error: http://selenium1py.pythonanywhere.com/ru/catalogue/coders-at-work_207/?promo=offer, line 614: ReferenceError: oscar is not defined
1562400119375	Marionette	WARN	TimedPromise timed out after 500 ms: stacktrace:
bail@chrome://marionette/content/sync.js:223:64
openRemotePrompt@resource://gre/modules/Prompter.jsm:508:17
openPrompt@resource://gre/modules/Prompter.jsm:543:17
nsIPrompt_prompt@resource://gre/modules/Prompter.jsm:729:14
prompt@resource://gre/modules/Prompter.jsm:583:42
checkTask@http://selenium1py.pythonanywhere.com/static/oscar/js/oscar/hack.js:7:22
handleSubmit423@http://selenium1py.pythonanywhere.com/static/oscar/js/oscar/hack.js:31:12
onclick@http://selenium1py.pythonanywhere.com/ru/catalogue/coders-at-work_207/?promo=offer:1:8
event.synthesizeMouseAtPoint@chrome://marionette/content/event.js:202:14
webdriverClickElement@chrome://marionette/content/interaction.js:183:11
JavaScript error: http://selenium1py.pythonanywhere.com/ru/catalogue/coders-at-work_207/?promo=offer, line 718: ReferenceError: oscar is not defined
1562400121072	Marionette	INFO	Stopped listening on port 58161
[Parent 3100, Gecko_IOThread] WARNING: pipe error: 109: file z:/task_1560988636/build/src/ipc/chromium/src/chrome/common/ipc_channel_win.cc, line 341
[Child 2488, Chrome_ChildThread] WARNING: pipe error: 109: file z:/task_1560988636/build/src/ipc/chromium/src/chrome/common/ipc_channel_win.cc, line 341
[Child 2488, Chrome_ChildThread] WARNING: pipe error: 109: file z:/task_1560988636/build/src/ipc/chromium/src/chrome/common/ipc_channel_win.cc, line 341
[Parent 3100, Gecko_IOThread] WARNING: pipe error: 109: file z:/task_1560988636/build/src/ipc/chromium/src/chrome/common/ipc_channel_win.cc, line 341
[Parent 3100, Gecko_IOThread] WARNING: pipe error: 109: file z:/task_1560988636/build/src/ipc/chromium/src/chrome/common/ipc_channel_win.cc, line 341

###!!! [Child][RunMessage] Error: Channel closing: too late to send/recv, messages will be lost

[GPU 540
###!!! [Child][MessageChannel::SendAndWait] Error: Channel error: cannot send/recv

1562400183250	mozrunner::runner	INFO	Running command: "C:\\Program Files\\Mozilla Firefox\\firefox.exe" "-marionette" "-foreground" "-no-remote" "-profile" "C:\\Users\\Evgen\\AppData\\Local\\Temp\\rust_mozprofile.7KDesJ1ISO2u"
1562400183979	addons.webextension.screenshots@mozilla.org	WARN	Loading extension 'screenshots@mozilla.org': Reading manifest: Invalid extension permission: mozillaAddons
1562400183980	addons.webextension.screenshots@mozilla.org	WARN	Loading extension 'screenshots@mozilla.org': Reading manifest: Invalid extension permission: resource://pdf.js/
1562400183980	addons.webextension.screenshots@mozilla.org	WARN	Loading extension 'screenshots@mozilla.org': Reading manifest: Invalid extension permission: about:reader*
1562400186218	Marionette	INFO	Listening on port 58200
1562400186470	Marionette	WARN	TLS certificate errors will be ignored for this session
JavaScript error: http://selenium1py.pythonanywhere.com/ru/catalogue/coders-at-work_207/?promo=offer, line 614: ReferenceError: oscar is not defined
1562400190436	Marionette	WARN	TimedPromise timed out after 500 ms: stacktrace:
bail@chrome://marionette/content/sync.js:223:64
openRemotePrompt@resource://gre/modules/Prompter.jsm:508:17
openPrompt@resource://gre/modules/Prompter.jsm:543:17
nsIPrompt_prompt@resource://gre/modules/Prompter.jsm:729:14
prompt@resource://gre/modules/Prompter.jsm:583:42
checkTask@http://selenium1py.pythonanywhere.com/static/oscar/js/oscar/hack.js:7:22
handleSubmit423@http://selenium1py.pythonanywhere.com/static/oscar/js/oscar/hack.js:31:12
onclick@http://selenium1py.pythonanywhere.com/ru/catalogue/coders-at-work_207/?promo=offer:1:8
event.synthesizeMouseAtPoint@chrome://marionette/content/event.js:202:14
webdriverClickElement@chrome://marionette/content/interaction.js:183:11
JavaScript error: http://selenium1py.pythonanywhere.com/ru/catalogue/coders-at-work_207/?promo=offer, line 718: ReferenceError: oscar is not defined
1562400192109	Marionette	INFO	Stopped listening on port 58200
[Parent 5144, Gecko_IOThread] WARNING: pipe error: 109: file z:/task_1560988636/build/src/ipc/chromium/src/chrome/common/ipc_channel_win.cc, line 341
[Child 5372, Chrome_ChildThread] WARNING: pipe error: 109: file z:/task_1560988636/build/src/ipc/chromium/src/chrome/common/ipc_channel_win.cc, line 341
[Child 5372, Ch[Parent 5144, Gecko_IOThread] WARNING: pipe error: 109: file z:/task_1560988636/build/src/ipc/chromium/src/chrome/common/ipc_channel_win.cc, line 341
[Child 7196, Chrome_ChildThread] WARNING: pipe error: 109: file z:/task_1560988636/build/src/ipc/chromium/src/chrome/common/ipc_channel_win.cc, line 341
[Child 7196, Chrome_ChildThread] WARNING: pipe error: 109: file z:/task_1560988636/build/src/ipc/chromium[Parent 5144, Gecko_IOThread] WARNING: pipe error: 109: file z:/task_1560988636/build/src/ipc/chromium/src/chrome/common/ipc_channel_win.cc, line 341
[Child 7596, Chrome_ChildThread] WARNING: pipe error: 109: file z:/task_1560988636/build/src/ipc/chromium/src/chrome/common/ipc_channel_win.cc, line 341
[Child 7596, Chrome_ChildThread
###!!! [Child][RunMessage] Error: Channel closing: too late to send/recv, messages will be lost

[GPU 6
###!!! [Child][MessageChannel::SendAndWait] Error: Channel error: cannot send/recv

1562400275077	mozrunner::runner	INFO	Running command: "C:\\Program Files\\Mozilla Firefox\\firefox.exe" "-marionette" "-foreground" "-no-remote" "-profile" "C:\\Users\\Evgen\\AppData\\Local\\Temp\\rust_mozprofile.xXH3SsMjwehq"
1562400275806	addons.webextension.screenshots@mozilla.org	WARN	Loading extension 'screenshots@mozilla.org': Reading manifest: Invalid extension permission: mozillaAddons
1562400275807	addons.webextension.screenshots@mozilla.org	WARN	Loading extension 'screenshots@mozilla.org': Reading manifest: Invalid extension permission: resource://pdf.js/
1562400275807	addons.webextension.screenshots@mozilla.org	WARN	Loading extension 'screenshots@mozilla.org': Reading manifest: Invalid extension permission: about:reader*
1562400278171	Marionette	INFO	Listening on port 58241
1562400278299	Marionette	WARN	TLS certificate errors will be ignored for this session
JavaScript error: http://selenium1py.pythonanywhere.com/ru/catalogue/coders-at-work_207/?promo=offer, line 614: ReferenceError: oscar is not defined
1562400282860	Marionette	WARN	TimedPromise timed out after 500 ms: stacktrace:
bail@chrome://marionette/content/sync.js:223:64
openRemotePrompt@resource://gre/modules/Prompter.jsm:508:17
openPrompt@resource://gre/modules/Prompter.jsm:543:17
nsIPrompt_prompt@resource://gre/modules/Prompter.jsm:729:14
prompt@resource://gre/modules/Prompter.jsm:583:42
checkTask@http://selenium1py.pythonanywhere.com/static/oscar/js/oscar/hack.js:7:22
handleSubmit423@http://selenium1py.pythonanywhere.com/static/oscar/js/oscar/hack.js:31:12
onclick@http://selenium1py.pythonanywhere.com/ru/catalogue/coders-at-work_207/?promo=offer:1:8
event.synthesizeMouseAtPoint@chrome://marionette/content/event.js:202:14
webdriverClickElement@chrome://marionette/content/interaction.js:183:11
JavaScript error: http://selenium1py.pythonanywhere.com/ru/catalogue/coders-at-work_207/?promo=offer, line 718: ReferenceError: oscar is not defined
1562400287533	Marionette	INFO	Stopped listening on port 58241
[Parent 8268, Gecko_IOThread] WARNING: pipe error: 109: file z:/task_1560988636/build/src/ipc/chromium/src/chrome/common/ipc_channel_win.cc, line 341
[Child 9700, Chrome_ChildThread] WARNING: pipe error: 109: file z:/task_1560988636/build/src/ipc/chromium/src/chrome/common/ipc_channel_win.cc, line 341
[Child 9700, Chrome_ChildThread] WARNING: pipe error: 109: file z:/task_1560988636/build/src/ipc/chromium/src/chrome/common/ipc_channel_win.cc, line 341
[Parent 8268, Gecko_IOThread] WARNING: pipe error: 109: file z:/task_1560988636/build/src/ipc/chromium/src/chrome/common/ipc_channel_win.cc, line 341
[Child 6676, Chrome_ChildThread] WARNING: pipe error: 109: file z:/task_1560988636/build/src/ipc/chromium/src/chrome/common/ipc_channel_win.cc, line 341
[Child 6676, Chrome_ChildThread] WARNING: pipe error: 109: file z:/task_1560988636/build/src/ipc/chromium/src/chrome/common/ipc_channel_win.cc, line[Parent 8268, Gecko_IOThread] WARNING: pipe error: 109: file z:/task_1560988636/build/src/ipc/chromium/src/chrome/common/ipc_channel_win.cc, line 341
[Child 4572, Chrome_ChildThread] WARNING: pipe error: 109: file z:/task_1560988636/build/src/ipc/chromium/src/chrome/common/ipc_channel_win.cc, line 341
[Child 4572, Chrome
###!!! [Child][RunMessage] Error: Channel closing: too late to send/recv, messages will be lost

[GPU 166
###!!! [Child][MessageChannel::SendAndWait] Error: Channel error: cannot send/recv

1562400422865	mozrunner::runner	INFO	Running command: "C:\\Program Files\\Mozilla Firefox\\firefox.exe" "-marionette" "-foreground" "-no-remote" "-profile" "C:\\Users\\Evgen\\AppData\\Local\\Temp\\rust_mozprofile.t9M6FHZ5sgFx"
1562400423618	addons.webextension.screenshots@mozilla.org	WARN	Loading extension 'screenshots@mozilla.org': Reading manifest: Invalid extension permission: mozillaAddons
1562400423619	addons.webextension.screenshots@mozilla.org	WARN	Loading extension 'screenshots@mozilla.org': Reading manifest: Invalid extension permission: resource://pdf.js/
1562400423619	addons.webextension.screenshots@mozilla.org	WARN	Loading extension 'screenshots@mozilla.org': Reading manifest: Invalid extension permission: about:reader*
1562400425995	Marionette	INFO	Listening on port 58282
1562400426080	Marionette	WARN	TLS certificate errors will be ignored for this session
JavaScript error: http://selenium1py.pythonanywhere.com/ru/catalogue/coders-at-work_207/?promo=offer, line 614: ReferenceError: oscar is not defined
1562400429991	Marionette	WARN	TimedPromise timed out after 500 ms: stacktrace:
bail@chrome://marionette/content/sync.js:223:64
openRemotePrompt@resource://gre/modules/Prompter.jsm:508:17
openPrompt@resource://gre/modules/Prompter.jsm:543:17
nsIPrompt_prompt@resource://gre/modules/Prompter.jsm:729:14
prompt@resource://gre/modules/Prompter.jsm:583:42
checkTask@http://selenium1py.pythonanywhere.com/static/oscar/js/oscar/hack.js:7:22
handleSubmit423@http://selenium1py.pythonanywhere.com/static/oscar/js/oscar/hack.js:31:12
onclick@http://selenium1py.pythonanywhere.com/ru/catalogue/coders-at-work_207/?promo=offer:1:8
event.synthesizeMouseAtPoint@chrome://marionette/content/event.js:202:14
webdriverClickElement@chrome://marionette/content/interaction.js:183:11
1562400430592	Marionette	INFO	Stopped listening on port 58282
[Child 9512, Chrome_ChildThread] WARNING: pipe error: 109: file z:/task_1560988636/build/src/ipc/chromium/src/chrome/common/ipc_channel_win.cc, line 341
[Child 9512, Chrome_ChildThr[Child 2524, Chrome_C[Parent 1684, Gecko_IOThread] WARNING: pipe error: 109: file z:/task_1560988636/build/src/ipc/chromium/src/chrome/common/ipc_channel_win.cc, line 341
[Child 9056, Chrome_ChildThread] WARNING: pipe error: 109: file z:/task_1560988636/build/src/ipc/chromium/src/chrome/common/ipc_channel_win.cc, line 341
[Child 9056, Chrome_ChildThread] W
###!!! [Child][RunMessage] Error: Channel closing: too late to send/recv, messages will be lost

[GP
###!!! [Child][MessageChannel::SendAndWait] Error: Channel error: cannot send/recv

1562400856452	mozrunner::runner	INFO	Running command: "C:\\Program Files\\Mozilla Firefox\\firefox.exe" "-marionette" "-foreground" "-no-remote" "-profile" "C:\\Users\\Evgen\\AppData\\Local\\Temp\\rust_mozprofile.024xEfGMbYgM"
1562400857177	addons.webextension.screenshots@mozilla.org	WARN	Loading extension 'screenshots@mozilla.org': Reading manifest: Invalid extension permission: mozillaAddons
1562400857178	addons.webextension.screenshots@mozilla.org	WARN	Loading extension 'screenshots@mozilla.org': Reading manifest: Invalid extension permission: resource://pdf.js/
1562400857178	addons.webextension.screenshots@mozilla.org	WARN	Loading extension 'screenshots@mozilla.org': Reading manifest: Invalid extension permission: about:reader*
1562400859530	Marionette	INFO	Listening on port 58382
1562400859666	Marionette	WARN	TLS certificate errors will be ignored for this session
JavaScript error: http://selenium1py.pythonanywhere.com/ru/catalogue/coders-at-work_207/?promo=offer, line 614: ReferenceError: oscar is not defined
1562400863612	Marionette	WARN	TimedPromise timed out after 500 ms: stacktrace:
bail@chrome://marionette/content/sync.js:223:64
openRemotePrompt@resource://gre/modules/Prompter.jsm:508:17
openPrompt@resource://gre/modules/Prompter.jsm:543:17
nsIPrompt_prompt@resource://gre/modules/Prompter.jsm:729:14
prompt@resource://gre/modules/Prompter.jsm:583:42
checkTask@http://selenium1py.pythonanywhere.com/static/oscar/js/oscar/hack.js:7:22
handleSubmit423@http://selenium1py.pythonanywhere.com/static/oscar/js/oscar/hack.js:31:12
onclick@http://selenium1py.pythonanywhere.com/ru/catalogue/coders-at-work_207/?promo=offer:1:8
event.synthesizeMouseAtPoint@chrome://marionette/content/event.js:202:14
webdriverClickElement@chrome://marionette/content/interaction.js:183:11
1562400864251	Marionette	INFO	Stopped listening on port 58382
[Child 4984, Chrome_ChildThread] WARNING: pipe error: 109: file z:/task_1560988636/build/src/ipc/chromium/src/chrome/common/ipc_channel_win.cc, line 341
[Child 4984, Chrome_ChildThread] WARNING: pip[Child 8704, Chrome_ChildThread] WARNING: pipe error: 109: file z:/task_1560988636/build/src/ipc/chromium/src/chrome/common/ipc_channel_win.cc, line 341
[Child 8704, Chrome_ChildThread] WARNING: pipe error: 109: file z:/task_1560988636/build/src/ipc/chro[Parent 8512, Gecko_IOThread] WARNING: pipe error: 109: file z:/task_1560988636/build/src/ipc/chromium/src/chrome/common/ipc_channel_win.cc, line 341
[Child 3460, Chrome_ChildThread] WARNING: pipe error: 109: file z:/task_1560988636/build/src/ipc/chromium/src/chrome/common/ipc_channel_win.cc, line 341
[Child 3460, Chrom[GPU 5280, 
###!!! [Child][RunMessage] Error: Channel closing: too late to send/recv, messages will be lost


###!!! [Child][MessageChannel::SendAndWait] Error: Channel error: cannot send/recv

1562400959631	mozrunner::runner	INFO	Running command: "C:\\Program Files\\Mozilla Firefox\\firefox.exe" "-marionette" "-foreground" "-no-remote" "-profile" "C:\\Users\\Evgen\\AppData\\Local\\Temp\\rust_mozprofile.ybxS99Jbt84N"
1562400960378	addons.webextension.screenshots@mozilla.org	WARN	Loading extension 'screenshots@mozilla.org': Reading manifest: Invalid extension permission: mozillaAddons
1562400960379	addons.webextension.screenshots@mozilla.org	WARN	Loading extension 'screenshots@mozilla.org': Reading manifest: Invalid extension permission: resource://pdf.js/
1562400960379	addons.webextension.screenshots@mozilla.org	WARN	Loading extension 'screenshots@mozilla.org': Reading manifest: Invalid extension permission: about:reader*
1562400962722	Marionette	INFO	Listening on port 58423
1562400962851	Marionette	WARN	TLS certificate errors will be ignored for this session
JavaScript error: http://selenium1py.pythonanywhere.com/ru/catalogue/coders-at-work_207/?promo=offer, line 614: ReferenceError: oscar is not defined
1562400966865	Marionette	WARN	TimedPromise timed out after 500 ms: stacktrace:
bail@chrome://marionette/content/sync.js:223:64
openRemotePrompt@resource://gre/modules/Prompter.jsm:508:17
openPrompt@resource://gre/modules/Prompter.jsm:543:17
nsIPrompt_prompt@resource://gre/modules/Prompter.jsm:729:14
prompt@resource://gre/modules/Prompter.jsm:583:42
checkTask@http://selenium1py.pythonanywhere.com/static/oscar/js/oscar/hack.js:7:22
handleSubmit423@http://selenium1py.pythonanywhere.com/static/oscar/js/oscar/hack.js:31:12
onclick@http://selenium1py.pythonanywhere.com/ru/catalogue/coders-at-work_207/?promo=offer:1:8
event.synthesizeMouseAtPoint@chrome://marionette/content/event.js:202:14
webdriverClickElement@chrome://marionette/content/interaction.js:183:11
1562400967483	Marionette	INFO	Stopped listening on port 58423
[Child 8048, Chrome_ChildThread] WARNING: pipe error: 109: file z:/task_1560988636/build/src/ipc/chromium/src/chrome/common/ipc_channel_win.cc, line 341
[Child 8048, Chrome_ChildThread] WARNING: pipe error: 109: file z:/t[Parent 9180, Gecko_IOThread] WARNING: pipe error: 109: file z:/task_1560988636/build/src/ipc/chromium/src/chrome/common/ipc_channel_win.cc, line 341
JavaScript error: chrome://marionette/content/proxy.js, line 275: NS_ERROR_ILLEGAL_VALUE: 
[Child 7920, Chrome_ChildThread] WARNING: pipe error: 109: file z:/task_1560988636/build/src/ipc/chromium/src/chrome/common/ipc_channel_win.cc, line 341
[Child 7920, Chrome_Ch[Parent 9180, Gecko_IOThread] WARNING: pipe error: 109: file z:/task_1560988636/build/src/ipc/chromium/src/chrome/common/ipc_channel_win.cc, line 341
[Child 4880, Chrome_ChildThread] WARNING: pipe error: 109: file z:/task_1560988636/build/src/ipc/chromium/src/chrome/common/ipc_channel_win.cc, line 341
[Child 4880, Chrome_[GPU 820
###!!! [Child][RunMessage] Error: Channel closing: too late to send/recv, messages will be lost

, Chrome_ChildThread] WARNING: p
###!!! [Child][MessageChannel::SendAndWait] Error: Channel error: cannot send/recv

1562401002914	mozrunner::runner	INFO	Running command: "C:\\Program Files\\Mozilla Firefox\\firefox.exe" "-marionette" "-foreground" "-no-remote" "-profile" "C:\\Users\\Evgen\\AppData\\Local\\Temp\\rust_mozprofile.XvHG8XUaWros"
1562401003640	addons.webextension.screenshots@mozilla.org	WARN	Loading extension 'screenshots@mozilla.org': Reading manifest: Invalid extension permission: mozillaAddons
1562401003641	addons.webextension.screenshots@mozilla.org	WARN	Loading extension 'screenshots@mozilla.org': Reading manifest: Invalid extension permission: resource://pdf.js/
1562401003641	addons.webextension.screenshots@mozilla.org	WARN	Loading extension 'screenshots@mozilla.org': Reading manifest: Invalid extension permission: about:reader*
1562401005863	Marionette	INFO	Listening on port 58461
1562401006147	Marionette	WARN	TLS certificate errors will be ignored for this session
JavaScript error: http://selenium1py.pythonanywhere.com/ru/catalogue/coders-at-work_207/?promo=offer, line 614: ReferenceError: oscar is not defined
1562401010250	Marionette	WARN	TimedPromise timed out after 500 ms: stacktrace:
bail@chrome://marionette/content/sync.js:223:64
openRemotePrompt@resource://gre/modules/Prompter.jsm:508:17
openPrompt@resource://gre/modules/Prompter.jsm:543:17
nsIPrompt_prompt@resource://gre/modules/Prompter.jsm:729:14
prompt@resource://gre/modules/Prompter.jsm:583:42
checkTask@http://selenium1py.pythonanywhere.com/static/oscar/js/oscar/hack.js:7:22
handleSubmit423@http://selenium1py.pythonanywhere.com/static/oscar/js/oscar/hack.js:31:12
onclick@http://selenium1py.pythonanywhere.com/ru/catalogue/coders-at-work_207/?promo=offer:1:8
event.synthesizeMouseAtPoint@chrome://marionette/content/event.js:202:14
webdriverClickElement@chrome://marionette/content/interaction.js:183:11
JavaScript error: http://selenium1py.pythonanywhere.com/ru/catalogue/coders-at-work_207/?promo=offer, line 718: ReferenceError: oscar is not defined
1562401022140	Marionette	INFO	Stopped listening on port 58461
[Parent 2124, Gecko_IOThread] WARNING: pipe error: 109: file z:/task_1560988636/build/src/ipc/chromium/src/chrome/common/ipc_channel_win.cc, line 341
[Child 5528, Chrome_ChildThread] WARNING: pipe error: 109: file z:/task_1560988636/build/src/ipc/chromium/src/chrome/common/ipc_channel_win.cc, line 341
[Child 5528, Chrome_Ch[Parent 2124, Gecko_IOThread] WARNING: pipe error: 109: file z:/task_1560988636/build/src/ipc/chromium/src/chrome/common/ipc_channel_win.cc, line 341
[Child 3876, Chrome_ChildThread] WARNING: pipe error: 109: file z:/task_1560988636/build/src/ipc/chromium/src/chrome/common/ipc_channel_win.cc, line 341
[Child 3876, Ch
###!!! [Child][RunMessage] Error: Channel closing: too late to send/recv, messages will be lost

[GPU 5576, 
###!!! [Child][MessageChannel::SendAndWait] Error: Channel error: cannot send/recv

1562401118718	mozrunner::runner	INFO	Running command: "C:\\Program Files\\Mozilla Firefox\\firefox.exe" "-marionette" "-foreground" "-no-remote" "-profile" "C:\\Users\\Evgen\\AppData\\Local\\Temp\\rust_mozprofile.PSz7C5om7EM4"
1562401119441	addons.webextension.screenshots@mozilla.org	WARN	Loading extension 'screenshots@mozilla.org': Reading manifest: Invalid extension permission: mozillaAddons
1562401119442	addons.webextension.screenshots@mozilla.org	WARN	Loading extension 'screenshots@mozilla.org': Reading manifest: Invalid extension permission: resource://pdf.js/
1562401119442	addons.webextension.screenshots@mozilla.org	WARN	Loading extension 'screenshots@mozilla.org': Reading manifest: Invalid extension permission: about:reader*
1562401121883	Marionette	INFO	Listening on port 58503
1562401121941	Marionette	WARN	TLS certificate errors will be ignored for this session
JavaScript error: http://selenium1py.pythonanywhere.com/ru/catalogue/coders-at-work_207/?promo=offer, line 614: ReferenceError: oscar is not defined
1562401125893	Marionette	WARN	TimedPromise timed out after 500 ms: stacktrace:
bail@chrome://marionette/content/sync.js:223:64
openRemotePrompt@resource://gre/modules/Prompter.jsm:508:17
openPrompt@resource://gre/modules/Prompter.jsm:543:17
nsIPrompt_prompt@resource://gre/modules/Prompter.jsm:729:14
prompt@resource://gre/modules/Prompter.jsm:583:42
checkTask@http://selenium1py.pythonanywhere.com/static/oscar/js/oscar/hack.js:7:22
handleSubmit423@http://selenium1py.pythonanywhere.com/static/oscar/js/oscar/hack.js:31:12
onclick@http://selenium1py.pythonanywhere.com/ru/catalogue/coders-at-work_207/?promo=offer:1:8
event.synthesizeMouseAtPoint@chrome://marionette/content/event.js:202:14
webdriverClickElement@chrome://marionette/content/interaction.js:183:11
JavaScript error: http://selenium1py.pythonanywhere.com/ru/catalogue/coders-at-work_207/?promo=offer, line 718: ReferenceError: oscar is not defined
1562401127574	Marionette	INFO	Stopped listening on port 58503
[Parent 2488, Gecko_IOThread] WARNING: pipe error: 109: file z:/task_1560988636/build/src/ipc/chromium/src/chrome/common/ipc_channel_win.cc, line 341
[Child 6364, Chrome_ChildThread] WARNING: pipe error: 109: file z:/task_1560988636/build/src/ipc/chromium/src/chrome/common/ipc_channel_win.cc, line 341
[Child 6364, Chrome_ChildThread] WAR[Child 10128, Chrome_ChildThread] WARNING: pipe error: 109: file z:/task_1560988636/build/src/ipc/chromium/src/chrome/common/ipc_channel_win.cc, line 341
[Child 10128, Chrom[Parent 2488, Gecko_IOThread] WARNING: pipe error: 109: file z:/task_1560988636/build/src/ipc/chromium/src/chrome/common/ipc_channel_win.cc, line 341
[Child 1684, Chrome_ChildThread] WARNING: pipe error: 109: file z:/task_1560988636/build/src/ipc/chromium/src/chrome/common/ipc_channel_win.cc, line 341
[Child 1684, Chrome_Chi
###!!! [Child][RunMessage] Error: Channel closing: too late to send/recv, messages will be lost

[GPU 9876,
###!!! [Child][MessageChannel::SendAndWait] Error: Channel error: cannot send/recv

1562401157353	mozrunner::runner	INFO	Running command: "C:\\Program Files\\Mozilla Firefox\\firefox.exe" "-marionette" "-foreground" "-no-remote" "-profile" "C:\\Users\\Evgen\\AppData\\Local\\Temp\\rust_mozprofile.6P643skvNPfh"
1562401158081	addons.webextension.screenshots@mozilla.org	WARN	Loading extension 'screenshots@mozilla.org': Reading manifest: Invalid extension permission: mozillaAddons
1562401158081	addons.webextension.screenshots@mozilla.org	WARN	Loading extension 'screenshots@mozilla.org': Reading manifest: Invalid extension permission: resource://pdf.js/
1562401158081	addons.webextension.screenshots@mozilla.org	WARN	Loading extension 'screenshots@mozilla.org': Reading manifest: Invalid extension permission: about:reader*
1562401160415	Marionette	INFO	Listening on port 58541
1562401160575	Marionette	WARN	TLS certificate errors will be ignored for this session
JavaScript error: http://selenium1py.pythonanywhere.com/ru/catalogue/coders-at-work_207/?promo=offer, line 614: ReferenceError: oscar is not defined
1562401164578	Marionette	WARN	TimedPromise timed out after 500 ms: stacktrace:
bail@chrome://marionette/content/sync.js:223:64
openRemotePrompt@resource://gre/modules/Prompter.jsm:508:17
openPrompt@resource://gre/modules/Prompter.jsm:543:17
nsIPrompt_prompt@resource://gre/modules/Prompter.jsm:729:14
prompt@resource://gre/modules/Prompter.jsm:583:42
checkTask@http://selenium1py.pythonanywhere.com/static/oscar/js/oscar/hack.js:7:22
handleSubmit423@http://selenium1py.pythonanywhere.com/static/oscar/js/oscar/hack.js:31:12
onclick@http://selenium1py.pythonanywhere.com/ru/catalogue/coders-at-work_207/?promo=offer:1:8
event.synthesizeMouseAtPoint@chrome://marionette/content/event.js:202:14
webdriverClickElement@chrome://marionette/content/interaction.js:183:11
JavaScript error: http://selenium1py.pythonanywhere.com/ru/catalogue/coders-at-work_207/?promo=offer, line 718: ReferenceError: oscar is not defined
1562401166258	Marionette	INFO	Stopped listening on port 58541
[Parent 3820, Gecko_IOThread] WARNING: pipe error: 109: file z:/task_1560988636/build/src/ipc/chromium/src/chrome/common/ipc_channel_win.cc, line 341
[Child 5756, Chrome_ChildThread] WARNING: pipe error: 109: file z:/task_1560988636/build/src/ipc/chromium/src/chrome/common/ipc_channel_win.cc, line 341
[Child 5756, Ch[Parent 3820, Gecko_IOThread] WARNING: pipe error: 109: file z:/task_1560988636/build/src/ipc/chromium/src/chrome/common/ipc_channel_win.cc, line 341
[Child 2580, Chrome_ChildThread] WARNING: pipe error: 109: file z:/task_1560988636/build/src/ipc/chromium/src/chrome/common/ipc_channel_win.cc, line 341
[Child 2580, Chrome_[Parent 3820, Gecko_IOThread] WARNING: pipe error: 109: file z:/task_1560988636/build/src/ipc/chromium/src/chrome/common/ipc_channel_win.cc, line 341
[Child 1112, Chrome_ChildThread] WARNING: pipe error: 109: file z:/task_1560988636/build/src/ipc/chromium/src/chrome/common/ipc_channel_win.cc, line 341
[Child 1112, Chro
###!!! [Child][RunMessage] Error: Channel closing: too late to send/recv, messages will be lost

[GPU 4724,
###!!! [Child][MessageChannel::SendAndWait] Error: Channel error: cannot send/recv

1562401197700	mozrunner::runner	INFO	Running command: "C:\\Program Files\\Mozilla Firefox\\firefox.exe" "-marionette" "-foreground" "-no-remote" "-profile" "C:\\Users\\Evgen\\AppData\\Local\\Temp\\rust_mozprofile.Qt5eEJwuDwYT"
1562401198455	addons.webextension.screenshots@mozilla.org	WARN	Loading extension 'screenshots@mozilla.org': Reading manifest: Invalid extension permission: mozillaAddons
1562401198455	addons.webextension.screenshots@mozilla.org	WARN	Loading extension 'screenshots@mozilla.org': Reading manifest: Invalid extension permission: resource://pdf.js/
1562401198456	addons.webextension.screenshots@mozilla.org	WARN	Loading extension 'screenshots@mozilla.org': Reading manifest: Invalid extension permission: about:reader*
1562401201020	Marionette	INFO	Listening on port 58578
1562401201525	Marionette	WARN	TLS certificate errors will be ignored for this session
JavaScript error: http://selenium1py.pythonanywhere.com/ru/catalogue/coders-at-work_207/?promo=offer, line 614: ReferenceError: oscar is not defined
1562401208013	Marionette	INFO	Stopped listening on port 58578
[Parent 3672, Gecko_IOThread] WARNING: pipe error: 109: file z:/task_1560988636/build/src/ipc/chromium/src/chrome/common/ipc_channel_win.cc, line 341
[Parent 3672, Gecko_IOThread] WARNING: pipe error: 109: file z:/task_1560988636/build/src/ipc/chromium/src/chrome/common/ipc_channel_win.cc, line 341
[Child 9844, Chrome_ChildThread] WARNING: pipe error: 109: file z:/task_1560988636/build/src/ipc/chromium/src/chrome/common/ipc_channel_win.cc, line 341
[Child 9844, Chrom[Parent 3672, Gecko_IOThread] WARNING: pipe error: 109: file z:/task_1560988636/build/src/ipc/chromium/src/chrome/common/ipc_channel_win.cc, line 341

###!!! [Child][RunMessage] Error: Channel closing: too late to send/recv, messages will be lost

[GPU 6548
###!!! [Child][MessageChannel::SendAndWait] Error: Channel error: cannot send/recv

1562401246569	mozrunner::runner	INFO	Running command: "C:\\Program Files\\Mozilla Firefox\\firefox.exe" "-marionette" "-foreground" "-no-remote" "-profile" "C:\\Users\\Evgen\\AppData\\Local\\Temp\\rust_mozprofile.cx66CJgYWltZ"
1562401247311	addons.webextension.screenshots@mozilla.org	WARN	Loading extension 'screenshots@mozilla.org': Reading manifest: Invalid extension permission: mozillaAddons
1562401247312	addons.webextension.screenshots@mozilla.org	WARN	Loading extension 'screenshots@mozilla.org': Reading manifest: Invalid extension permission: resource://pdf.js/
1562401247312	addons.webextension.screenshots@mozilla.org	WARN	Loading extension 'screenshots@mozilla.org': Reading manifest: Invalid extension permission: about:reader*
1562401249684	Marionette	INFO	Listening on port 58616
1562401249798	Marionette	WARN	TLS certificate errors will be ignored for this session
JavaScript error: http://selenium1py.pythonanywhere.com/ru/catalogue/coders-at-work_207/?promo=offer, line 614: ReferenceError: oscar is not defined
1562401253739	Marionette	WARN	TimedPromise timed out after 500 ms: stacktrace:
bail@chrome://marionette/content/sync.js:223:64
openRemotePrompt@resource://gre/modules/Prompter.jsm:508:17
openPrompt@resource://gre/modules/Prompter.jsm:543:17
nsIPrompt_prompt@resource://gre/modules/Prompter.jsm:729:14
prompt@resource://gre/modules/Prompter.jsm:583:42
checkTask@http://selenium1py.pythonanywhere.com/static/oscar/js/oscar/hack.js:7:22
handleSubmit423@http://selenium1py.pythonanywhere.com/static/oscar/js/oscar/hack.js:31:12
onclick@http://selenium1py.pythonanywhere.com/ru/catalogue/coders-at-work_207/?promo=offer:1:8
event.synthesizeMouseAtPoint@chrome://marionette/content/event.js:202:14
webdriverClickElement@chrome://marionette/content/interaction.js:183:11
JavaScript error: http://selenium1py.pythonanywhere.com/ru/catalogue/coders-at-work_207/?promo=offer, line 718: ReferenceError: oscar is not defined
1562401259492	Marionette	INFO	Stopped listening on port 58616
[Parent 2328, Gecko_IOThread] WARNING: pipe error: 109: file z:/task_1560988636/build/src/ipc/chromium/src/chrome/common/ipc_channel_win.cc, line 341
[Child 3976, Chrome_ChildThread] WARNING: pipe error: 109: file z:/task_1560988636/build/src/ipc/chromium/src/chrome/common/ipc_channel_win.cc, line 341
[Child 3976, Chrome_ChildThread] WARNING: pipe error: 109: file [Parent 2328, Gecko_IOThread] WARNING: pipe error: 109: file z:/task_1560988636/build/src/ipc/chromium/src/chrome/common/ipc_channel_win.cc, line 341
[Child 2640, Chrome_ChildThread] WARNING: pipe error: 109: file z:/task_1560988636/build/src/ipc/chromium/src/chrome/common/ipc_channel_win.cc, line 341
[Child 2640, Chrome_ChildThread] WARNING: pipe error: 109: file z:/task_1560988636/build/src/ip
###!!! [Child][RunMessage] Error: Channel closing: too late to send/recv, messages will be lost

[GPU 746
###!!! [Child][MessageChannel::SendAndWait] Error: Channel error: cannot send/recv

